[SELECTION] Running 1/3150 => Breast | Gene Expression | ElasticNetFS-128
lasso FS failed: Found array with 0 sample(s) (shape=(0, 20531)) while a minimum of 1 is required by Lasso.
mrmr FS failed: Found array with 0 sample(s) (shape=(0, 20531)) while a minimum of 1 is required.
lasso FS failed: Found array with 0 sample(s) (shape=(0, 20531)) while a minimum of 1 is required by Lasso.
lasso FS failed: Found array with 0 sample(s) (shape=(0, 20531)) while a minimum of 1 is required by Lasso.
enet FS failed: Found array with 0 sample(s) (shape=(0, 20531)) while a minimum of 1 is required by ElasticNet.
joblib.externals.loky.process_executor._RemoteTraceback:
"""
Traceback (most recent call last):
  File "C:\Users\Admin-ZiL\miniconda3\envs\OUH_Task1\lib\site-packages\joblib\externals\loky\process_executor.py", line 463, in _process_worker
    r = call_item()
  File "C:\Users\Admin-ZiL\miniconda3\envs\OUH_Task1\lib\site-packages\joblib\externals\loky\process_executor.py", line 291, in __call__
    return self.fn(*self.args, **self.kwargs)
  File "C:\Users\Admin-ZiL\miniconda3\envs\OUH_Task1\lib\site-packages\joblib\parallel.py", line 598, in __call__
    return [func(*args, **kwargs)
  File "C:\Users\Admin-ZiL\miniconda3\envs\OUH_Task1\lib\site-packages\joblib\parallel.py", line 598, in <listcomp>
    return [func(*args, **kwargs)
  File "C:\Users\Admin-ZiL\Desktop\OUH_Internship\OUH-Internship-Krzysztof-Nowak\final_algorithm_multicore.py", line 405, in process_selection_combo
    model, metrics_dict = train_and_evaluate_regression(X_selected, y, model_name)
  File "C:\Users\Admin-ZiL\Desktop\OUH_Internship\OUH-Internship-Krzysztof-Nowak\final_algorithm_multicore.py", line 185, in train_and_evaluate_regression
    X_train, X_test, y_train, y_test = train_test_split(
  File "C:\Users\Admin-ZiL\miniconda3\envs\OUH_Task1\lib\site-packages\sklearn\utils\_param_validation.py", line 216, in wrapper
    return func(*args, **kwargs)
  File "C:\Users\Admin-ZiL\miniconda3\envs\OUH_Task1\lib\site-packages\sklearn\model_selection\_split.py", line 2851, in train_test_split
    n_train, n_test = _validate_shuffle_split(
  File "C:\Users\Admin-ZiL\miniconda3\envs\OUH_Task1\lib\site-packages\sklearn\model_selection\_split.py", line 2481, in _validate_shuffle_split
    raise ValueError(
ValueError: With n_samples=0, test_size=0.2 and train_size=None, the resulting train set will be empty. Adjust any of the aforementioned parameters.
"""

The above exception was the direct cause of the following exception:

Traceback (most recent call last):
  File "C:\Users\Admin-ZiL\Desktop\OUH_Internship\OUH-Internship-Krzysztof-Nowak\final_algorithm_multicore.py", line 538, in <module>
    main()
  File "C:\Users\Admin-ZiL\Desktop\OUH_Internship\OUH-Internship-Krzysztof-Nowak\final_algorithm_multicore.py", line 519, in main
    sel_res = run_selection_workflow(
  File "C:\Users\Admin-ZiL\Desktop\OUH_Internship\OUH-Internship-Krzysztof-Nowak\final_algorithm_multicore.py", line 424, in run_selection_workflow
    parallel_results = Parallel(n_jobs=-1)(
  File "C:\Users\Admin-ZiL\miniconda3\envs\OUH_Task1\lib\site-packages\joblib\parallel.py", line 2007, in __call__
    return output if self.return_generator else list(output)
  File "C:\Users\Admin-ZiL\miniconda3\envs\OUH_Task1\lib\site-packages\joblib\parallel.py", line 1650, in _get_outputs
    yield from self._retrieve()
  File "C:\Users\Admin-ZiL\miniconda3\envs\OUH_Task1\lib\site-packages\joblib\parallel.py", line 1754, in _retrieve
    self._raise_error_fast()
  File "C:\Users\Admin-ZiL\miniconda3\envs\OUH_Task1\lib\site-packages\joblib\parallel.py", line 1789, in _raise_error_fast
    error_job.get_result(self.timeout)
  File "C:\Users\Admin-ZiL\miniconda3\envs\OUH_Task1\lib\site-packages\joblib\parallel.py", line 745, in get_result
    return self._return_or_raise()
  File "C:\Users\Admin-ZiL\miniconda3\envs\OUH_Task1\lib\site-packages\joblib\parallel.py", line 763, in _return_or_raise
    raise self._result
ValueError: With n_samples=0, test_size=0.2 and train_size=None, the resulting train set will be empty. Adjust any of the aforementioned parameters.